Build started 24/06/2015 10:32:33 PM.
     1>Project "C:\Users\david\Documents\GitHub\windows-remote-arduino-samples-master\remote-wiring\Microsoft.Maker.win8_1\Microsoft.Maker.Firmata\Microsoft.Maker.Firmata.Windows\Microsoft.Maker.Firmata.Windows.vcxproj" on node 2 (Build target(s)).
     1>ClCompile:
         C:\Program Files (x86)\Microsoft Visual Studio 12.0\VC\bin\CL.exe /c /I"C:\Users\david\Documents\GitHub\windows-remote-arduino-samples-master\remote-wiring\Microsoft.Maker.win8_1\Microsoft.Maker.Firmata\Microsoft.Maker.Firmata.Windows\\" /I"Generated Files\\" /IRelease\ /I"C:\Users\david\Documents\GitHub\windows-remote-arduino-samples-master\remote-wiring\Microsoft.Maker.win8_1\Microsoft.Maker.Firmata\Microsoft.Maker.Firmata.Shared\\" /Zi /ZW /ZW:nostdlib /nologo /W3 /WX- /sdl /MP /O2 /Oi /Oy- /GL /D _WINRT_DLL /D NDEBUG /D _WINDLL /D _UNICODE /D UNICODE /D WINAPI_FAMILY=WINAPI_FAMILY_APP /Gm- /EHsc /MD /GS /Gy /fp:precise /Zc:wchar_t /Zc:forScope /Yc"pch.h" /Fp"Release\pch.pch" /Fo"Release\\" /Fd"Release\vc120.pdb" /Gd /TP /wd28204 /FU"C:\Program Files (x86)\Microsoft SDKs\Windows\v8.1\ExtensionSDKs\Microsoft.VCLibs\12.0\References\CommonConfiguration\neutral\platform.winmd" /FU"C:\Program Files (x86)\Windows Kits\8.1\References\CommonConfiguration\Neutral\Windows.winmd" /FU"C:\Users\david\Documents\GitHub\windows-remote-arduino-samples-master\win8_1\RemoteBlinky\Release\Microsoft.Maker.Serial.Windows\Microsoft.Maker.Serial.winmd" /FU"C:\Program Files (x86)\Windows Kits\8.1\References\CommonConfiguration\Neutral\Windows.winmd" /analyze- /errorReport:prompt /bigobj "C:\Users\david\Documents\GitHub\windows-remote-arduino-samples-master\remote-wiring\Microsoft.Maker.win8_1\Microsoft.Maker.Firmata\Microsoft.Maker.Firmata.Shared\pch.cpp"
         pch.cpp
         C:\Program Files (x86)\Microsoft Visual Studio 12.0\VC\bin\CL.exe /c /I"C:\Users\david\Documents\GitHub\windows-remote-arduino-samples-master\remote-wiring\Microsoft.Maker.win8_1\Microsoft.Maker.Firmata\Microsoft.Maker.Firmata.Windows\\" /I"Generated Files\\" /IRelease\ /I"C:\Users\david\Documents\GitHub\windows-remote-arduino-samples-master\remote-wiring\Microsoft.Maker.win8_1\Microsoft.Maker.Firmata\Microsoft.Maker.Firmata.Shared\\" /Zi /ZW /ZW:nostdlib /nologo /W3 /WX- /sdl /MP /O2 /Oi /Oy- /GL /D _WINRT_DLL /D NDEBUG /D _WINDLL /D _UNICODE /D UNICODE /D WINAPI_FAMILY=WINAPI_FAMILY_APP /Gm- /EHsc /MD /GS /Gy /fp:precise /Zc:wchar_t /Zc:forScope /Yu"pch.h" /Fp"Release\pch.pch" /Fo"Release\\" /Fd"Release\vc120.pdb" /Gd /TP /wd28204 /FU"C:\Program Files (x86)\Microsoft SDKs\Windows\v8.1\ExtensionSDKs\Microsoft.VCLibs\12.0\References\CommonConfiguration\neutral\platform.winmd" /FU"C:\Program Files (x86)\Windows Kits\8.1\References\CommonConfiguration\Neutral\Windows.winmd" /FU"C:\Users\david\Documents\GitHub\windows-remote-arduino-samples-master\win8_1\RemoteBlinky\Release\Microsoft.Maker.Serial.Windows\Microsoft.Maker.Serial.winmd" /FU"C:\Program Files (x86)\Windows Kits\8.1\References\CommonConfiguration\Neutral\Windows.winmd" /analyze- /errorReport:prompt /bigobj "C:\Users\david\Documents\GitHub\windows-remote-arduino-samples-master\remote-wiring\Microsoft.Maker.win8_1\Microsoft.Maker.Firmata\Microsoft.Maker.Firmata.Shared\..\..\..\source\Firmata\Firmata\Firmata.cpp" "C:\Users\david\Documents\GitHub\windows-remote-arduino-samples-master\remote-wiring\Microsoft.Maker.win8_1\Microsoft.Maker.Firmata\Microsoft.Maker.Firmata.Shared\..\..\..\source\Firmata\UwpFirmata.cpp"
         Firmata.cpp
         UwpFirmata.cpp
     1>c:\users\david\documents\github\windows-remote-arduino-samples-master\remote-wiring\source\firmata\firmata\Firmata.h(92): warning C4005: 'IGNORE' : macro redefinition (C:\Users\david\Documents\GitHub\windows-remote-arduino-samples-master\remote-wiring\Microsoft.Maker.win8_1\Microsoft.Maker.Firmata\Microsoft.Maker.Firmata.Shared\..\..\..\source\Firmata\Firmata\Firmata.cpp)
                 C:\Program Files (x86)\Windows Kits\8.1\Include\um\winbase.h(701) : see previous definition of 'IGNORE'
     1>c:\users\david\documents\github\windows-remote-arduino-samples-master\remote-wiring\source\firmata\Firmata\Firmata.h(92): warning C4005: 'IGNORE' : macro redefinition (C:\Users\david\Documents\GitHub\windows-remote-arduino-samples-master\remote-wiring\Microsoft.Maker.win8_1\Microsoft.Maker.Firmata\Microsoft.Maker.Firmata.Shared\..\..\..\source\Firmata\UwpFirmata.cpp)
                 C:\Program Files (x86)\Windows Kits\8.1\Include\um\winbase.h(701) : see previous definition of 'IGNORE'
       Link:
         C:\Program Files (x86)\Microsoft Visual Studio 12.0\VC\bin\link.exe /ERRORREPORT:PROMPT /OUT:"C:\Users\david\Documents\GitHub\windows-remote-arduino-samples-master\win8_1\RemoteBlinky\Release\Microsoft.Maker.Firmata.Windows\Microsoft.Maker.Firmata.Windows.dll" /NOLOGO runtimeobject.lib kernel32.lib /MANIFEST:NO /DEBUG /PDB:"C:\Users\david\Documents\GitHub\windows-remote-arduino-samples-master\win8_1\RemoteBlinky\Release\Microsoft.Maker.Firmata.Windows\Microsoft.Maker.Firmata.Windows.pdb" /SUBSYSTEM:CONSOLE /OPT:REF /OPT:ICF /LTCG /TLBID:1 /APPCONTAINER /WINMD /WINMDFILE:"C:\Users\david\Documents\GitHub\windows-remote-arduino-samples-master\win8_1\RemoteBlinky\Release\Microsoft.Maker.Firmata.Windows\Microsoft.Maker.Firmata.winmd" /DYNAMICBASE /NXCOMPAT /MACHINE:X86 /SAFESEH /DLL Release\Firmata.obj
         Release\UwpFirmata.obj
         Release\pch.obj
            Creating library C:\Users\david\Documents\GitHub\windows-remote-arduino-samples-master\win8_1\RemoteBlinky\Release\Microsoft.Maker.Firmata.Windows\Microsoft.Maker.Firmata.Windows.lib and object C:\Users\david\Documents\GitHub\windows-remote-arduino-samples-master\win8_1\RemoteBlinky\Release\Microsoft.Maker.Firmata.Windows\Microsoft.Maker.Firmata.Windows.exp
         Generating code
         Finished generating code
         Microsoft.Maker.Firmata.Windows.vcxproj -> C:\Users\david\Documents\GitHub\windows-remote-arduino-samples-master\win8_1\RemoteBlinky\Release\Microsoft.Maker.Firmata.Windows\Microsoft.Maker.Firmata.Windows.dll
       _GenerateProjectPriFileCore:
         C:\Program Files (x86)\Windows Kits\8.1\bin\x64\MakePri.exe New -ProjectRoot C:\Users\david\Documents\GitHub\windows-remote-arduino-samples-master\remote-wiring\Microsoft.Maker.win8_1\Microsoft.Maker.Firmata\Microsoft.Maker.Firmata.Windows\ -ConfigXml Release\priconfig.xml -OutputFile C:\Users\david\Documents\GitHub\windows-remote-arduino-samples-master\win8_1\RemoteBlinky\Release\Microsoft.Maker.Firmata.Windows\Microsoft.Maker.Firmata.pri -IndexName Microsoft.Maker.Firmata -Verbose -Overwrite  
     1>Done Building Project "C:\Users\david\Documents\GitHub\windows-remote-arduino-samples-master\remote-wiring\Microsoft.Maker.win8_1\Microsoft.Maker.Firmata\Microsoft.Maker.Firmata.Windows\Microsoft.Maker.Firmata.Windows.vcxproj" (Build target(s)).

Build succeeded.

Time Elapsed 00:00:07.14
